<?xml version="1.0" encoding="UTF-8"?>
<!-- Generated by org.testng.reporters.JUnitXMLReporter -->
<testsuite ignored="0" hostname="DESKTOP-UH065KK" failures="1" tests="1" name="Test" time="3.828" errors="0" timestamp="2022-05-03T18:45:46 MDT">
  <testcase classname="com.automation.testcases.LoginTestCRM" name="loginApp" time="0.021">
    <failure type="java.lang.NullPointerException">
      <![CDATA[java.lang.NullPointerException
at com.automation.utilities.ExcelDataProvider.getStringData(ExcelDataProvider.java:34)
at com.automation.testcases.LoginTestCRM.loginApp(LoginTestCRM.java:25)
at java.base/java.util.ArrayList.forEach(ArrayList.java:1541)
... Removed 27 stack frames]]>
    </failure>
  </testcase> <!-- loginApp -->
</testsuite> <!-- Test -->
